<?xml version="1.0" encoding="UTF-8"?>
<testsuite xmlns:xsi="http://www.w3.org/2001/XMLSchema-instance" xsi:noNamespaceSchemaLocation="https://maven.apache.org/surefire/maven-surefire-plugin/xsd/surefire-test-report-3.0.xsd" version="3.0" name="org.example.game.GameStateTest" time="0.011" tests="5" errors="0" skipped="0" failures="0">
  <properties>
[...]
</properties>
  <testcase name="testSetHasGold" classname="org.example.game.GameStateTest" time="0.001"/>
  <testcase name="testSetHeroInitialPosition" classname="org.example.game.GameStateTest" time="0.003"/>
  <testcase name="testGetArrowCount" classname="org.example.game.GameStateTest" time="0.001"/>
  <testcase name="testGetMapState" classname="org.example.game.GameStateTest" time="0.001"/>
  <testcase name="testGetHeroPosition" classname="org.example.game.GameStateTest" time="0.001"/>
</testsuite>